<?xml version="1.0" encoding="UTF-8"?>
<testsuite name="Robot Class On Selenium Cloud Grid"
           tests="3"
           failures="1"
           errors="0"
           skipped="2"
           time="0.971">
  <properties />
            <testcase name="setupTest" time="0.971" classname="RobotCloudGrid">
                <failure type="org.openqa.selenium.SessionNotCreatedException"
                  message="Could not start a new session. Possible causes are invalid address of the remote server or browser start-up failure. 
Host info: host: &apos;MOHIT&apos;, ip: &apos;169.254.121.185&apos;
Build info: version: &apos;4.18.0&apos;, revision: &apos;b6bf9de7cc*&apos;
System info: os.name: &apos;Windows 11&apos;, os.arch: &apos;amd64&apos;, os.version: &apos;10.0&apos;, java.version: &apos;19.0.2&apos;
Driver info: org.openqa.selenium.remote.RemoteWebDriver
Command: [null, newSession {capabilities=[Capabilities {LT:Options: {ACCEPT_INSECURE_CERTS: false, ACCEPT_SSL_CERTS: false, accessKey: NLdReivpECj38YMFFSP13fhjPsa..., autoHeal: false, build: [Build] Demo: Robot Class o..., name: Demo: Robot Class on Lambda..., plugin: java-testNG, project: [Project] Robot Class on La..., resolution: 2560x1440, tunnel: false, username: mohitjoshihere, w3c: true}, browserName: chrome, goog:chromeOptions: {args: [], extensions: []}, platformName: Windows 11}]}]
Capabilities {LT:Options: {ACCEPT_INSECURE_CERTS: false, ACCEPT_SSL_CERTS: false, accessKey: NLdReivpECj38YMFFSP13fhjPsa..., autoHeal: false, build: [Build] Demo: Robot Class o..., name: Demo: Robot Class on Lambda..., plugin: java-testNG, project: [Project] Robot Class on La..., resolution: 2560x1440, tunnel: false, username: mohitjoshihere, w3c: true}, browserName: chrome, goog:chromeOptions: {args: [], extensions: []}, platformName: Windows 11}"
              >
<![CDATA[org.openqa.selenium.SessionNotCreatedException: Could not start a new session. Possible causes are invalid address of the remote server or browser start-up failure. 
Host info: host: 'MOHIT', ip: '169.254.121.185'
Build info: version: '4.18.0', revision: 'b6bf9de7cc*'
System info: os.name: 'Windows 11', os.arch: 'amd64', os.version: '10.0', java.version: '19.0.2'
Driver info: org.openqa.selenium.remote.RemoteWebDriver
Command: [null, newSession {capabilities=[Capabilities {LT:Options: {ACCEPT_INSECURE_CERTS: false, ACCEPT_SSL_CERTS: false, accessKey: NLdReivpECj38YMFFSP13fhjPsa..., autoHeal: false, build: [Build] Demo: Robot Class o..., name: Demo: Robot Class on Lambda..., plugin: java-testNG, project: [Project] Robot Class on La..., resolution: 2560x1440, tunnel: false, username: mohitjoshihere, w3c: true}, browserName: chrome, goog:chromeOptions: {args: [], extensions: []}, platformName: Windows 11}]}]
Capabilities {LT:Options: {ACCEPT_INSECURE_CERTS: false, ACCEPT_SSL_CERTS: false, accessKey: NLdReivpECj38YMFFSP13fhjPsa..., autoHeal: false, build: [Build] Demo: Robot Class o..., name: Demo: Robot Class on Lambda..., plugin: java-testNG, project: [Project] Robot Class on La..., resolution: 2560x1440, tunnel: false, username: mohitjoshihere, w3c: true}, browserName: chrome, goog:chromeOptions: {args: [], extensions: []}, platformName: Windows 11}
  org.openqa.selenium.remote.RemoteWebDriver.execute(RemoteWebDriver.java:537)
  org.openqa.selenium.remote.RemoteWebDriver.startSession(RemoteWebDriver.java:233)
  org.openqa.selenium.remote.RemoteWebDriver.<init>(RemoteWebDriver.java:162)
  org.openqa.selenium.remote.RemoteWebDriver.<init>(RemoteWebDriver.java:142)
  setup.DriverManager.setupRemoteChromeDriver(DriverManager.java:103)
  setup.DriverManager.createDriver(DriverManager.java:47)
  BaseTest.setupTest(BaseTest.java:13)
  java.base/jdk.internal.reflect.DirectMethodHandleAccessor.invoke(DirectMethodHandleAccessor.java:104)
  java.base/java.lang.reflect.Method.invoke(Method.java:578)
  org.testng.internal.invokers.MethodInvocationHelper.invokeMethod(MethodInvocationHelper.java:139)
  org.testng.internal.invokers.MethodInvocationHelper.invokeMethodConsideringTimeout(MethodInvocationHelper.java:69)
  org.testng.internal.invokers.ConfigInvoker.invokeConfigurationMethod(ConfigInvoker.java:361)
  org.testng.internal.invokers.ConfigInvoker.invokeConfigurations(ConfigInvoker.java:296)
  org.testng.internal.invokers.TestMethodWorker.invokeBeforeClassMethods(TestMethodWorker.java:180)
  org.testng.internal.invokers.TestMethodWorker.run(TestMethodWorker.java:122)
  java.base/java.util.ArrayList.forEach(ArrayList.java:1511)
  org.testng.TestRunner.privateRun(TestRunner.java:806)
  org.testng.TestRunner.run(TestRunner.java:601)
  org.testng.SuiteRunner.runTest(SuiteRunner.java:433)
  org.testng.SuiteRunner$SuiteWorker.run(SuiteRunner.java:471)
  org.testng.internal.thread.ThreadUtil.lambda$execute$0(ThreadUtil.java:58)
  java.base/java.util.concurrent.FutureTask.run(FutureTask.java:317)
  java.base/java.util.concurrent.ThreadPoolExecutor.runWorker(ThreadPoolExecutor.java:1144)
  java.base/java.util.concurrent.ThreadPoolExecutor$Worker.run(ThreadPoolExecutor.java:642)
  java.base/java.lang.Thread.run(Thread.java:1589)
Caused by: java.io.UncheckedIOException: java.net.ConnectException
  org.openqa.selenium.remote.http.jdk.JdkHttpClient.execute0(JdkHttpClient.java:443)
  org.openqa.selenium.remote.http.AddSeleniumUserAgent.lambda$apply$0(AddSeleniumUserAgent.java:42)
  org.openqa.selenium.remote.http.Filter.lambda$andFinally$1(Filter.java:55)
  org.openqa.selenium.remote.http.jdk.JdkHttpClient.execute(JdkHttpClient.java:359)
  org.openqa.selenium.remote.tracing.TracedHttpClient.execute(TracedHttpClient.java:54)
  org.openqa.selenium.remote.ProtocolHandshake.createSession(ProtocolHandshake.java:114)
  org.openqa.selenium.remote.ProtocolHandshake.createSession(ProtocolHandshake.java:95)
  org.openqa.selenium.remote.ProtocolHandshake.createSession(ProtocolHandshake.java:67)
  org.openqa.selenium.remote.HttpCommandExecutor.execute(HttpCommandExecutor.java:162)
  org.openqa.selenium.remote.TracedCommandExecutor.execute(TracedCommandExecutor.java:51)
  org.openqa.selenium.remote.RemoteWebDriver.execute(RemoteWebDriver.java:519)
  org.openqa.selenium.remote.RemoteWebDriver.startSession(RemoteWebDriver.java:233)
  org.openqa.selenium.remote.RemoteWebDriver.<init>(RemoteWebDriver.java:162)
  org.openqa.selenium.remote.RemoteWebDriver.<init>(RemoteWebDriver.java:142)
  setup.DriverManager.setupRemoteChromeDriver(DriverManager.java:103)
  setup.DriverManager.createDriver(DriverManager.java:47)
  BaseTest.setupTest(BaseTest.java:13)
  java.base/jdk.internal.reflect.DirectMethodHandleAccessor.invoke(DirectMethodHandleAccessor.java:104)
  java.base/java.lang.reflect.Method.invoke(Method.java:578)
  org.testng.internal.invokers.MethodInvocationHelper.invokeMethod(MethodInvocationHelper.java:139)
  org.testng.internal.invokers.MethodInvocationHelper.invokeMethodConsideringTimeout(MethodInvocationHelper.java:69)
  org.testng.internal.invokers.ConfigInvoker.invokeConfigurationMethod(ConfigInvoker.java:361)
  org.testng.internal.invokers.ConfigInvoker.invokeConfigurations(ConfigInvoker.java:296)
  org.testng.internal.invokers.TestMethodWorker.invokeBeforeClassMethods(TestMethodWorker.java:180)
  org.testng.internal.invokers.TestMethodWorker.run(TestMethodWorker.java:122)
  java.base/java.util.ArrayList.forEach(ArrayList.java:1511)
  org.testng.TestRunner.privateRun(TestRunner.java:806)
  org.testng.TestRunner.run(TestRunner.java:601)
  org.testng.SuiteRunner.runTest(SuiteRunner.java:433)
  org.testng.SuiteRunner$SuiteWorker.run(SuiteRunner.java:471)
  org.testng.internal.thread.ThreadUtil.lambda$execute$0(ThreadUtil.java:58)
  java.base/java.util.concurrent.FutureTask.run(FutureTask.java:317)
  java.base/java.util.concurrent.ThreadPoolExecutor.runWorker(ThreadPoolExecutor.java:1144)
  java.base/java.util.concurrent.ThreadPoolExecutor$Worker.run(ThreadPoolExecutor.java:642)
  java.base/java.lang.Thread.run(Thread.java:1589)
Caused by: java.net.ConnectException
  java.net.http/jdk.internal.net.http.common.Utils.toConnectException(Utils.java:1045)
  java.net.http/jdk.internal.net.http.PlainHttpConnection.connectAsync(PlainHttpConnection.java:224)
  java.net.http/jdk.internal.net.http.AsyncSSLConnection.connectAsync(AsyncSSLConnection.java:56)
  java.net.http/jdk.internal.net.http.Http2Connection.createAsync(Http2Connection.java:380)
  java.net.http/jdk.internal.net.http.Http2ClientImpl.getConnectionFor(Http2ClientImpl.java:128)
  java.net.http/jdk.internal.net.http.ExchangeImpl.get(ExchangeImpl.java:94)
  java.net.http/jdk.internal.net.http.Exchange.establishExchange(Exchange.java:368)
  java.net.http/jdk.internal.net.http.Exchange.responseAsyncImpl0(Exchange.java:500)
  java.net.http/jdk.internal.net.http.Exchange.responseAsyncImpl(Exchange.java:405)
  java.net.http/jdk.internal.net.http.Exchange.responseAsync(Exchange.java:397)
  java.net.http/jdk.internal.net.http.MultiExchange.responseAsyncImpl(MultiExchange.java:409)
  java.net.http/jdk.internal.net.http.MultiExchange.lambda$responseAsyncImpl$7(MultiExchange.java:450)
  java.base/java.util.concurrent.CompletableFuture.uniHandle(CompletableFuture.java:934)
  java.base/java.util.concurrent.CompletableFuture.uniHandleStage(CompletableFuture.java:950)
  java.base/java.util.concurrent.CompletableFuture.handle(CompletableFuture.java:2372)
  java.net.http/jdk.internal.net.http.MultiExchange.responseAsyncImpl(MultiExchange.java:440)
  java.net.http/jdk.internal.net.http.MultiExchange.lambda$responseAsync0$2(MultiExchange.java:342)
  java.base/java.util.concurrent.CompletableFuture$UniCompose.tryFire(CompletableFuture.java:1150)
  java.base/java.util.concurrent.CompletableFuture.postComplete(CompletableFuture.java:510)
  java.base/java.util.concurrent.CompletableFuture$AsyncSupply.run(CompletableFuture.java:1773)
  java.base/java.util.concurrent.ThreadPoolExecutor.runWorker(ThreadPoolExecutor.java:1144)
  java.base/java.util.concurrent.ThreadPoolExecutor$Worker.run(ThreadPoolExecutor.java:642)
  java.base/java.lang.Thread.run(Thread.java:1589)
Caused by: java.nio.channels.UnresolvedAddressException
  java.base/sun.nio.ch.Net.checkAddress(Net.java:149)
  java.base/sun.nio.ch.Net.checkAddress(Net.java:157)
  java.base/sun.nio.ch.SocketChannelImpl.checkRemote(SocketChannelImpl.java:842)
  java.base/sun.nio.ch.SocketChannelImpl.connect(SocketChannelImpl.java:865)
  java.net.http/jdk.internal.net.http.PlainHttpConnection.lambda$connectAsync$1(PlainHttpConnection.java:208)
  java.base/java.security.AccessController.doPrivileged(AccessController.java:569)
  java.net.http/jdk.internal.net.http.PlainHttpConnection.connectAsync(PlainHttpConnection.java:210)
  java.net.http/jdk.internal.net.http.AsyncSSLConnection.connectAsync(AsyncSSLConnection.java:56)
  java.net.http/jdk.internal.net.http.Http2Connection.createAsync(Http2Connection.java:380)
  java.net.http/jdk.internal.net.http.Http2ClientImpl.getConnectionFor(Http2ClientImpl.java:128)
  java.net.http/jdk.internal.net.http.ExchangeImpl.get(ExchangeImpl.java:94)
  java.net.http/jdk.internal.net.http.Exchange.establishExchange(Exchange.java:368)
  java.net.http/jdk.internal.net.http.Exchange.responseAsyncImpl0(Exchange.java:500)
  java.net.http/jdk.internal.net.http.Exchange.responseAsyncImpl(Exchange.java:405)
  java.net.http/jdk.internal.net.http.Exchange.responseAsync(Exchange.java:397)
  java.net.http/jdk.internal.net.http.MultiExchange.responseAsyncImpl(MultiExchange.java:409)
  java.net.http/jdk.internal.net.http.MultiExchange.lambda$responseAsyncImpl$7(MultiExchange.java:450)
  java.base/java.util.concurrent.CompletableFuture.uniHandle(CompletableFuture.java:934)
  java.base/java.util.concurrent.CompletableFuture.uniHandleStage(CompletableFuture.java:950)
  java.base/java.util.concurrent.CompletableFuture.handle(CompletableFuture.java:2372)
  java.net.http/jdk.internal.net.http.MultiExchange.responseAsyncImpl(MultiExchange.java:440)
  java.net.http/jdk.internal.net.http.MultiExchange.lambda$responseAsync0$2(MultiExchange.java:342)
  java.base/java.util.concurrent.CompletableFuture$UniCompose.tryFire(CompletableFuture.java:1150)
  java.base/java.util.concurrent.CompletableFuture.postComplete(CompletableFuture.java:510)
  java.base/java.util.concurrent.CompletableFuture$AsyncSupply.run(CompletableFuture.java:1773)
  java.base/java.util.concurrent.ThreadPoolExecutor.runWorker(ThreadPoolExecutor.java:1144)
  java.base/java.util.concurrent.ThreadPoolExecutor$Worker.run(ThreadPoolExecutor.java:642)
  java.base/java.lang.Thread.run(Thread.java:1589)
]]>
      </failure>

          </testcase>
  
            <testcase name="navigateToWebsite" time="0.0" classname="RobotCloudGrid">
          <skipped />
    </testcase>
            <testcase name="sign_in_demo" time="0.0" classname="RobotCloudGrid">
          <skipped />
    </testcase>
  
  
</testsuite>
