<?xml version="1.0" encoding="UTF-8"?>
<!-- Generated by org.testng.reporters.JUnitReportReporter -->
<testsuite hostname="Mohit" failures="0" tests="2" name="RobotCloudGrid" time="0.971" errors="1" timestamp="2024-03-19T23:35:40 IST" skipped="1">
  <testcase classname="RobotCloudGrid" name="setupTest" time="0.971">
    <error message="Could not start a new session. Possible causes are invalid address of the remote server or browser start-up failure. 
Host info: host: &#039;MOHIT&#039;, ip: &#039;169.254.121.185&#039;
Build info: version: &#039;4.18.0&#039;, revision: &#039;b6bf9de7cc*&#039;
System info: os.name: &#039;Windows 11&#039;, os.arch: &#039;amd64&#039;, os.version: &#039;10.0&#039;, java.version: &#039;19.0.2&#039;
Driver info: org.openqa.selenium.remote.RemoteWebDriver
Command: [null, newSession {capabilities=[Capabilities {LT:Options: {ACCEPT_INSECURE_CERTS: false, ACCEPT_SSL_CERTS: false, accessKey: NLdReivpECj38YMFFSP13fhjPsa..., autoHeal: false, build: [Build] Demo: Robot Class o..., name: Demo: Robot Class on Lambda..., plugin: java-testNG, project: [Project] Robot Class on La..., resolution: 2560x1440, tunnel: false, username: mohitjoshihere, w3c: true}, browserName: chrome, goog:chromeOptions: {args: [], extensions: []}, platformName: Windows 11}]}]
Capabilities {LT:Options: {ACCEPT_INSECURE_CERTS: false, ACCEPT_SSL_CERTS: false, accessKey: NLdReivpECj38YMFFSP13fhjPsa..., autoHeal: false, build: [Build] Demo: Robot Class o..., name: Demo: Robot Class on Lambda..., plugin: java-testNG, project: [Project] Robot Class on La..., resolution: 2560x1440, tunnel: false, username: mohitjoshihere, w3c: true}, browserName: chrome, goog:chromeOptions: {args: [], extensions: []}, platformName: Windows 11}" type="org.openqa.selenium.SessionNotCreatedException">
      <![CDATA[org.openqa.selenium.SessionNotCreatedException: Could not start a new session. Possible causes are invalid address of the remote server or browser start-up failure. 
Host info: host: 'MOHIT', ip: '169.254.121.185'
Build info: version: '4.18.0', revision: 'b6bf9de7cc*'
System info: os.name: 'Windows 11', os.arch: 'amd64', os.version: '10.0', java.version: '19.0.2'
Driver info: org.openqa.selenium.remote.RemoteWebDriver
Command: [null, newSession {capabilities=[Capabilities {LT:Options: {ACCEPT_INSECURE_CERTS: false, ACCEPT_SSL_CERTS: false, accessKey: NLdReivpECj38YMFFSP13fhjPsa..., autoHeal: false, build: [Build] Demo: Robot Class o..., name: Demo: Robot Class on Lambda..., plugin: java-testNG, project: [Project] Robot Class on La..., resolution: 2560x1440, tunnel: false, username: mohitjoshihere, w3c: true}, browserName: chrome, goog:chromeOptions: {args: [], extensions: []}, platformName: Windows 11}]}]
Capabilities {LT:Options: {ACCEPT_INSECURE_CERTS: false, ACCEPT_SSL_CERTS: false, accessKey: NLdReivpECj38YMFFSP13fhjPsa..., autoHeal: false, build: [Build] Demo: Robot Class o..., name: Demo: Robot Class on Lambda..., plugin: java-testNG, project: [Project] Robot Class on La..., resolution: 2560x1440, tunnel: false, username: mohitjoshihere, w3c: true}, browserName: chrome, goog:chromeOptions: {args: [], extensions: []}, platformName: Windows 11}
at org.openqa.selenium.remote.RemoteWebDriver.execute(RemoteWebDriver.java:537)
at org.openqa.selenium.remote.RemoteWebDriver.startSession(RemoteWebDriver.java:233)
at org.openqa.selenium.remote.RemoteWebDriver.<init>(RemoteWebDriver.java:162)
at org.openqa.selenium.remote.RemoteWebDriver.<init>(RemoteWebDriver.java:142)
at setup.DriverManager.setupRemoteChromeDriver(DriverManager.java:103)
at setup.DriverManager.createDriver(DriverManager.java:47)
at BaseTest.setupTest(BaseTest.java:13)
at java.base/jdk.internal.reflect.DirectMethodHandleAccessor.invoke(DirectMethodHandleAccessor.java:104)
at java.base/java.lang.reflect.Method.invoke(Method.java:578)
at org.testng.internal.invokers.MethodInvocationHelper.invokeMethod(MethodInvocationHelper.java:139)
at org.testng.internal.invokers.MethodInvocationHelper.invokeMethodConsideringTimeout(MethodInvocationHelper.java:69)
at org.testng.internal.invokers.ConfigInvoker.invokeConfigurationMethod(ConfigInvoker.java:361)
at org.testng.internal.invokers.ConfigInvoker.invokeConfigurations(ConfigInvoker.java:296)
at org.testng.internal.invokers.TestMethodWorker.invokeBeforeClassMethods(TestMethodWorker.java:180)
at org.testng.internal.invokers.TestMethodWorker.run(TestMethodWorker.java:122)
at java.base/java.util.ArrayList.forEach(ArrayList.java:1511)
at org.testng.TestRunner.privateRun(TestRunner.java:806)
at org.testng.TestRunner.run(TestRunner.java:601)
at org.testng.SuiteRunner.runTest(SuiteRunner.java:433)
at org.testng.SuiteRunner$SuiteWorker.run(SuiteRunner.java:471)
at org.testng.internal.thread.ThreadUtil.lambda$execute$0(ThreadUtil.java:58)
at java.base/java.util.concurrent.FutureTask.run(FutureTask.java:317)
at java.base/java.util.concurrent.ThreadPoolExecutor.runWorker(ThreadPoolExecutor.java:1144)
at java.base/java.util.concurrent.ThreadPoolExecutor$Worker.run(ThreadPoolExecutor.java:642)
at java.base/java.lang.Thread.run(Thread.java:1589)
Caused by: java.io.UncheckedIOException: java.net.ConnectException
at org.openqa.selenium.remote.http.jdk.JdkHttpClient.execute0(JdkHttpClient.java:443)
at org.openqa.selenium.remote.http.AddSeleniumUserAgent.lambda$apply$0(AddSeleniumUserAgent.java:42)
at org.openqa.selenium.remote.http.Filter.lambda$andFinally$1(Filter.java:55)
at org.openqa.selenium.remote.http.jdk.JdkHttpClient.execute(JdkHttpClient.java:359)
at org.openqa.selenium.remote.tracing.TracedHttpClient.execute(TracedHttpClient.java:54)
at org.openqa.selenium.remote.ProtocolHandshake.createSession(ProtocolHandshake.java:114)
at org.openqa.selenium.remote.ProtocolHandshake.createSession(ProtocolHandshake.java:95)
at org.openqa.selenium.remote.ProtocolHandshake.createSession(ProtocolHandshake.java:67)
at org.openqa.selenium.remote.HttpCommandExecutor.execute(HttpCommandExecutor.java:162)
at org.openqa.selenium.remote.TracedCommandExecutor.execute(TracedCommandExecutor.java:51)
at org.openqa.selenium.remote.RemoteWebDriver.execute(RemoteWebDriver.java:519)
... 24 more
Caused by: java.net.ConnectException
at java.net.http/jdk.internal.net.http.common.Utils.toConnectException(Utils.java:1045)
at java.net.http/jdk.internal.net.http.PlainHttpConnection.connectAsync(PlainHttpConnection.java:224)
at java.net.http/jdk.internal.net.http.AsyncSSLConnection.connectAsync(AsyncSSLConnection.java:56)
at java.net.http/jdk.internal.net.http.Http2Connection.createAsync(Http2Connection.java:380)
at java.net.http/jdk.internal.net.http.Http2ClientImpl.getConnectionFor(Http2ClientImpl.java:128)
at java.net.http/jdk.internal.net.http.ExchangeImpl.get(ExchangeImpl.java:94)
at java.net.http/jdk.internal.net.http.Exchange.establishExchange(Exchange.java:368)
at java.net.http/jdk.internal.net.http.Exchange.responseAsyncImpl0(Exchange.java:500)
at java.net.http/jdk.internal.net.http.Exchange.responseAsyncImpl(Exchange.java:405)
at java.net.http/jdk.internal.net.http.Exchange.responseAsync(Exchange.java:397)
at java.net.http/jdk.internal.net.http.MultiExchange.responseAsyncImpl(MultiExchange.java:409)
at java.net.http/jdk.internal.net.http.MultiExchange.lambda$responseAsyncImpl$7(MultiExchange.java:450)
at java.base/java.util.concurrent.CompletableFuture.uniHandle(CompletableFuture.java:934)
at java.base/java.util.concurrent.CompletableFuture.uniHandleStage(CompletableFuture.java:950)
at java.base/java.util.concurrent.CompletableFuture.handle(CompletableFuture.java:2372)
at java.net.http/jdk.internal.net.http.MultiExchange.responseAsyncImpl(MultiExchange.java:440)
at java.net.http/jdk.internal.net.http.MultiExchange.lambda$responseAsync0$2(MultiExchange.java:342)
at java.base/java.util.concurrent.CompletableFuture$UniCompose.tryFire(CompletableFuture.java:1150)
at java.base/java.util.concurrent.CompletableFuture.postComplete(CompletableFuture.java:510)
at java.base/java.util.concurrent.CompletableFuture$AsyncSupply.run(CompletableFuture.java:1773)
... 3 more
Caused by: java.nio.channels.UnresolvedAddressException
at java.base/sun.nio.ch.Net.checkAddress(Net.java:149)
at java.base/sun.nio.ch.Net.checkAddress(Net.java:157)
at java.base/sun.nio.ch.SocketChannelImpl.checkRemote(SocketChannelImpl.java:842)
at java.base/sun.nio.ch.SocketChannelImpl.connect(SocketChannelImpl.java:865)
at java.net.http/jdk.internal.net.http.PlainHttpConnection.lambda$connectAsync$1(PlainHttpConnection.java:208)
at java.base/java.security.AccessController.doPrivileged(AccessController.java:569)
at java.net.http/jdk.internal.net.http.PlainHttpConnection.connectAsync(PlainHttpConnection.java:210)
... 21 more
]]>
    </error>
  </testcase> <!-- setupTest -->
  <system-out/>
  <testcase classname="RobotCloudGrid" name="sign_in_demo" time="0.000">
    <skipped/>
  </testcase> <!-- sign_in_demo -->
  <system-out/>
</testsuite> <!-- RobotCloudGrid -->
